{"/home/jc/htdocs/js-unit-testing/src/00.example-1/sum.js": {"path":"/home/jc/htdocs/js-unit-testing/src/00.example-1/sum.js","statementMap":{"0":{"start":{"line":2,"column":19},"end":{"line":4,"column":1}},"1":{"start":{"line":3,"column":2},"end":{"line":3,"column":15}}},"fnMap":{"0":{"name":"(anonymous_0)","decl":{"start":{"line":2,"column":19},"end":{"line":2,"column":20}},"loc":{"start":{"line":2,"column":29},"end":{"line":4,"column":1}},"line":2}},"branchMap":{},"s":{"0":1,"1":1},"f":{"0":1},"b":{},"_coverageSchema":"332fd63041d2c1bcb487cc26dd0d5f7d97098a6c","hash":"d436189c80b12a2a379c6ddd3af0c6b9d4a02d91"}
,"/home/jc/htdocs/js-unit-testing/src/01.example-2/arrayClear.js": {"path":"/home/jc/htdocs/js-unit-testing/src/01.example-2/arrayClear.js","statementMap":{"0":{"start":{"line":1,"column":21},"end":{"line":7,"column":1}},"1":{"start":{"line":2,"column":2},"end":{"line":4,"column":3}},"2":{"start":{"line":3,"column":4},"end":{"line":3,"column":47}},"3":{"start":{"line":5,"column":2},"end":{"line":5,"column":19}},"4":{"start":{"line":6,"column":2},"end":{"line":6,"column":15}},"5":{"start":{"line":9,"column":27},"end":{"line":15,"column":1}},"6":{"start":{"line":10,"column":2},"end":{"line":13,"column":3}},"7":{"start":{"line":11,"column":4},"end":{"line":11,"column":47}},"8":{"start":{"line":12,"column":4},"end":{"line":12,"column":11}},"9":{"start":{"line":14,"column":2},"end":{"line":14,"column":26}},"10":{"start":{"line":17,"column":24},"end":{"line":34,"column":1}},"11":{"start":{"line":18,"column":2},"end":{"line":21,"column":3}},"12":{"start":{"line":19,"column":4},"end":{"line":19,"column":47}},"13":{"start":{"line":20,"column":4},"end":{"line":20,"column":11}},"14":{"start":{"line":23,"column":2},"end":{"line":23,"column":39}},"15":{"start":{"line":23,"column":26},"end":{"line":23,"column":39}},"16":{"start":{"line":25,"column":2},"end":{"line":31,"column":3}},"17":{"start":{"line":26,"column":4},"end":{"line":30,"column":5}},"18":{"start":{"line":27,"column":6},"end":{"line":27,"column":25}},"19":{"start":{"line":29,"column":6},"end":{"line":29,"column":10}},"20":{"start":{"line":33,"column":2},"end":{"line":33,"column":15}}},"fnMap":{"0":{"name":"(anonymous_0)","decl":{"start":{"line":1,"column":21},"end":{"line":1,"column":22}},"loc":{"start":{"line":1,"column":32},"end":{"line":7,"column":1}},"line":1},"1":{"name":"(anonymous_1)","decl":{"start":{"line":9,"column":27},"end":{"line":9,"column":28}},"loc":{"start":{"line":9,"column":38},"end":{"line":15,"column":1}},"line":9},"2":{"name":"(anonymous_2)","decl":{"start":{"line":17,"column":24},"end":{"line":17,"column":25}},"loc":{"start":{"line":17,"column":46},"end":{"line":34,"column":1}},"line":17}},"branchMap":{"0":{"loc":{"start":{"line":2,"column":2},"end":{"line":4,"column":3}},"type":"if","locations":[{"start":{"line":2,"column":2},"end":{"line":4,"column":3}},{"start":{"line":2,"column":2},"end":{"line":4,"column":3}}],"line":2},"1":{"loc":{"start":{"line":10,"column":2},"end":{"line":13,"column":3}},"type":"if","locations":[{"start":{"line":10,"column":2},"end":{"line":13,"column":3}},{"start":{"line":10,"column":2},"end":{"line":13,"column":3}}],"line":10},"2":{"loc":{"start":{"line":14,"column":9},"end":{"line":14,"column":25}},"type":"binary-expr","locations":[{"start":{"line":14,"column":9},"end":{"line":14,"column":17}},{"start":{"line":14,"column":21},"end":{"line":14,"column":25}}],"line":14},"3":{"loc":{"start":{"line":18,"column":2},"end":{"line":21,"column":3}},"type":"if","locations":[{"start":{"line":18,"column":2},"end":{"line":21,"column":3}},{"start":{"line":18,"column":2},"end":{"line":21,"column":3}}],"line":18},"4":{"loc":{"start":{"line":23,"column":2},"end":{"line":23,"column":39}},"type":"if","locations":[{"start":{"line":23,"column":2},"end":{"line":23,"column":39}},{"start":{"line":23,"column":2},"end":{"line":23,"column":39}}],"line":23},"5":{"loc":{"start":{"line":26,"column":4},"end":{"line":30,"column":5}},"type":"if","locations":[{"start":{"line":26,"column":4},"end":{"line":30,"column":5}},{"start":{"line":26,"column":4},"end":{"line":30,"column":5}}],"line":26}},"s":{"0":1,"1":3,"2":1,"3":2,"4":2,"5":1,"6":3,"7":1,"8":0,"9":2,"10":1,"11":4,"12":1,"13":0,"14":3,"15":1,"16":2,"17":10,"18":2,"19":8,"20":2},"f":{"0":3,"1":3,"2":4},"b":{"0":[1,2],"1":[1,2],"2":[2,1],"3":[1,3],"4":[1,2],"5":[2,8]},"_coverageSchema":"332fd63041d2c1bcb487cc26dd0d5f7d97098a6c","hash":"777bec49d2417b4017ae76fd52f69af6ad8888f0"}
,"/home/jc/htdocs/js-unit-testing/src/02.example-3/github-api.js": {"path":"/home/jc/htdocs/js-unit-testing/src/02.example-3/github-api.js","statementMap":{"0":{"start":{"line":3,"column":29},"end":{"line":6,"column":1}},"1":{"start":{"line":4,"column":12},"end":{"line":4,"column":52}},"2":{"start":{"line":5,"column":2},"end":{"line":5,"column":56}},"3":{"start":{"line":5,"column":38},"end":{"line":5,"column":53}},"4":{"start":{"line":8,"column":34},"end":{"line":12,"column":1}},"5":{"start":{"line":9,"column":12},"end":{"line":9,"column":52}},"6":{"start":{"line":10,"column":19},"end":{"line":10,"column":35}},"7":{"start":{"line":11,"column":2},"end":{"line":11,"column":25}}},"fnMap":{"0":{"name":"(anonymous_0)","decl":{"start":{"line":3,"column":29},"end":{"line":3,"column":30}},"loc":{"start":{"line":3,"column":41},"end":{"line":6,"column":1}},"line":3},"1":{"name":"(anonymous_1)","decl":{"start":{"line":5,"column":26},"end":{"line":5,"column":27}},"loc":{"start":{"line":5,"column":38},"end":{"line":5,"column":53}},"line":5},"2":{"name":"(anonymous_2)","decl":{"start":{"line":8,"column":34},"end":{"line":8,"column":35}},"loc":{"start":{"line":8,"column":52},"end":{"line":12,"column":1}},"line":8}},"branchMap":{},"s":{"0":1,"1":2,"2":2,"3":2,"4":1,"5":1,"6":1,"7":1},"f":{"0":2,"1":2,"2":1},"b":{},"_coverageSchema":"332fd63041d2c1bcb487cc26dd0d5f7d97098a6c","hash":"6de2abccccae0eee27af9ab3eaadaa9d8a1a8138"}
}
