TN:
SF:/home/jc/htdocs/js-unit-testing/src/00.example-1/sum.js
FN:2,(anonymous_0)
FNF:1
FNH:1
FNDA:1,(anonymous_0)
DA:2,1
DA:3,1
LF:2
LH:2
BRF:0
BRH:0
end_of_record
TN:
SF:/home/jc/htdocs/js-unit-testing/src/01.example-2/arrayClear.js
FN:1,(anonymous_0)
FN:9,(anonymous_1)
FN:17,(anonymous_2)
FNF:3
FNH:3
FNDA:3,(anonymous_0)
FNDA:3,(anonymous_1)
FNDA:4,(anonymous_2)
DA:1,1
DA:2,3
DA:3,1
DA:5,2
DA:6,2
DA:9,1
DA:10,3
DA:11,1
DA:12,0
DA:14,2
DA:17,1
DA:18,4
DA:19,1
DA:20,0
DA:23,3
DA:25,2
DA:26,10
DA:27,2
DA:29,8
DA:33,2
LF:20
LH:18
BRDA:2,0,0,1
BRDA:2,0,1,2
BRDA:10,1,0,1
BRDA:10,1,1,2
BRDA:14,2,0,2
BRDA:14,2,1,1
BRDA:18,3,0,1
BRDA:18,3,1,3
BRDA:23,4,0,1
BRDA:23,4,1,2
BRDA:26,5,0,2
BRDA:26,5,1,8
BRF:12
BRH:12
end_of_record
TN:
SF:/home/jc/htdocs/js-unit-testing/src/02.example-3/github-api.js
FN:3,(anonymous_0)
FN:5,(anonymous_1)
FN:8,(anonymous_2)
FNF:3
FNH:3
FNDA:2,(anonymous_0)
FNDA:2,(anonymous_1)
FNDA:1,(anonymous_2)
DA:3,1
DA:4,2
DA:5,2
DA:8,1
DA:9,1
DA:10,1
DA:11,1
LF:7
LH:7
BRF:0
BRH:0
end_of_record
